[13:20:11] [main/INFO]: Loading Minecraft 1.21.11 with Fabric Loader 0.18.4
[13:20:11] [main/INFO]: Loading 73 mods:
	- almanac 1.6.2
	   \-- cloth-config 20.0.149
	        \-- cloth-basic-math 0.6.1
	- chunky 1.4.55
	- fabric-api 0.141.3+1.21.11
	   |-- fabric-api-base 1.0.5+4ebb5c083e
	   |-- fabric-api-lookup-api-v1 1.6.114+20dc27073e
	   |-- fabric-biome-api-v1 17.1.1+4fc5413f3e
	   |-- fabric-block-api-v1 1.1.10+4ebb5c083e
	   |-- fabric-block-view-api-v2 1.0.39+4ebb5c083e
	   |-- fabric-command-api-v2 2.4.7+6b42a6003e
	   |-- fabric-content-registries-v0 10.2.14+4fc5413f3e
	   |-- fabric-convention-tags-v1 2.1.55+7f945d5b3e
	   |-- fabric-convention-tags-v2 2.17.3+8ef948ba3e
	   |-- fabric-crash-report-info-v1 0.3.23+4ebb5c083e
	   |-- fabric-data-attachment-api-v1 1.8.47+eed0806f3e
	   |-- fabric-data-generation-api-v1 23.4.0+69974c4e3e
	   |-- fabric-dimensions-v1 4.0.28+4fc5413f3e
	   |-- fabric-entity-events-v1 3.1.1+1d0ab4303e
	   |-- fabric-events-interaction-v0 4.1.0+3b89ecf63e
	   |-- fabric-game-rule-api-v1 2.0.3+4fc5413f3e
	   |-- fabric-item-api-v1 11.5.20+d0c46b9e3e
	   |-- fabric-item-group-api-v1 4.2.36+4fc5413f3e
	   |-- fabric-key-binding-api-v1 1.1.7+4fc5413f3e
	   |-- fabric-lifecycle-events-v1 2.6.15+4ebb5c083e
	   |-- fabric-loot-api-v2 3.0.73+3f89f5a53e
	   |-- fabric-loot-api-v3 2.0.20+78c8b4663e
	   |-- fabric-message-api-v1 6.1.12+4ebb5c083e
	   |-- fabric-model-loading-api-v1 6.0.15+4fc5413f3e
	   |-- fabric-networking-api-v1 5.1.5+ae1e07683e
	   |-- fabric-object-builder-api-v1 21.1.39+4fc5413f3e
	   |-- fabric-particles-v1 4.2.11+4fc5413f3e
	   |-- fabric-recipe-api-v1 8.2.3+4ebb5c083e
	   |-- fabric-registry-sync-v0 6.2.5+1718722b3e
	   |-- fabric-renderer-api-v1 8.0.3+f4ffd2e53e
	   |-- fabric-renderer-indigo 5.0.3+f4ffd2e53e
	   |-- fabric-rendering-fluids-v1 3.1.43+4ebb5c083e
	   |-- fabric-rendering-v1 16.2.10+0290ad933e
	   |-- fabric-resource-conditions-api-v1 5.0.35+4fc5413f3e
	   |-- fabric-resource-loader-v0 3.3.4+4fc5413f3e
	   |-- fabric-resource-loader-v1 1.0.10+78c8b4663e
	   |-- fabric-screen-api-v1 3.1.7+4ebb5c083e
	   |-- fabric-screen-handler-api-v1 1.3.161+4fc5413f3e
	   |-- fabric-serialization-api-v1 1.0.5+4ebb5c083e
	   |-- fabric-sound-api-v1 1.0.51+4fc5413f3e
	   |-- fabric-tag-api-v1 1.2.20+4fc5413f3e
	   |-- fabric-transfer-api-v1 6.0.25+4fc5413f3e
	   \-- fabric-transitive-access-wideners-v1 7.1.0+014c8cec3e
	- fabric-language-kotlin 1.13.9+kotlin.2.3.10
	   |-- org_jetbrains_kotlin_kotlin-reflect 2.3.10
	   |-- org_jetbrains_kotlin_kotlin-stdlib 2.3.10
	   |-- org_jetbrains_kotlin_kotlin-stdlib-jdk7 2.3.10
	   |-- org_jetbrains_kotlin_kotlin-stdlib-jdk8 2.3.10
	   |-- org_jetbrains_kotlinx_atomicfu-jvm 0.31.0
	   |-- org_jetbrains_kotlinx_kotlinx-coroutines-core-jvm 1.10.2
	   |-- org_jetbrains_kotlinx_kotlinx-coroutines-jdk8 1.10.2
	   |-- org_jetbrains_kotlinx_kotlinx-datetime-jvm 0.7.1
	   |-- org_jetbrains_kotlinx_kotlinx-io-bytestring-jvm 0.8.2
	   |-- org_jetbrains_kotlinx_kotlinx-io-core-jvm 0.8.2
	   |-- org_jetbrains_kotlinx_kotlinx-serialization-cbor-jvm 1.10.0
	   |-- org_jetbrains_kotlinx_kotlinx-serialization-core-jvm 1.10.0
	   \-- org_jetbrains_kotlinx_kotlinx-serialization-json-jvm 1.10.0
	- fabricloader 0.18.4
	   \-- mixinextras 0.5.0
	- java 21
	- letmedespawn 1.6.2
	- minecraft 1.21.11
	- potatoptimize 2.1.0
	- raknetify 0.1.0+alpha.5.195
	- silk-all 1.11.5
	   |-- silk-commands 1.11.5
	   |-- silk-core 1.11.5
	   |-- silk-game 1.11.5
	   |-- silk-igui 1.11.5
	   |-- silk-nbt 1.11.5
	   |-- silk-network 1.11.5
	   \-- silk-persistence 1.11.5
	- veinminer 2.5.2
	   |-- de_miraculixx_core_dev 2.5.2
	   \-- fabric-permissions-api-v0 0.6.1
[13:20:12] [main/INFO]: SpongePowered MIXIN Subsystem Version=0.8.7 Source=file:/home/yousaytoday/itslinux-btw/assets/minecraft/server-1.21.11-fabric/libraries/net/fabricmc/sponge-mixin/0.17.0+mixin.0.8.7/sponge-mixin-0.17.0+mixin.0.8.7.jar Service=Knot/Fabric Env=SERVER
[13:20:12] [main/INFO]: Compatibility level set to JAVA_21
[13:20:12] [main/INFO]: Loaded optimizations overrides for Potatoptimize: 1 override(s) found
[13:20:13] [main/WARN]: Force-disabling mixin 'mixin.nonvanilla.experimental.tick_skipping.EntityTickingListAccessor' as 'Potatoptimize' disables it
[13:20:13] [main/WARN]: Force-disabling mixin 'mixin.nonvanilla.experimental.tick_skipping.ServerLevelMixin' as 'Potatoptimize' disables it
[13:20:13] [main/WARN]: Force-disabling mixin 'mixin.nonvanilla.experimental.tick_skipping.TickThresholdAccessor' as 'Potatoptimize' disables it
[13:20:13] [main/WARN]: Error loading class: net/minecraft/class_2539$class_4532 (java.lang.ClassNotFoundException: net/minecraft/class_2539$class_4532)
[13:20:13] [main/WARN]: @Mixin target net/minecraft/class_2539$class_4532 was not found raknetify-fabric.mixins.json:access.INetworkStateInternalPacketHandler from mod raknetify
[13:20:13] [main/WARN]: Error loading class: net/minecraft/class_9188 (java.lang.ClassNotFoundException: net/minecraft/class_9188)
[13:20:13] [main/WARN]: Error loading class: org/quiltmc/qsl/networking/impl/server/ServerLoginNetworkAddon (java.lang.ClassNotFoundException: org/quiltmc/qsl/networking/impl/server/ServerLoginNetworkAddon)
[13:20:13] [main/INFO]: Initializing MixinExtras via com.llamalad7.mixinextras.service.MixinExtrasServiceImpl(version=0.5.0).
[13:20:13] [main/WARN]: Did not find udev library in operating system. Some features may not work.
[13:20:20] [main/INFO]: Almanac Fabric config reloaded, cache cleared
[13:20:20] [main/INFO]: Almanac Fabric config initialized
[13:20:20] [main/INFO]: Almanac initialized
[13:20:20] [main/INFO]: [STDOUT]: Raknetify: Using leak detector level SIMPLE
[13:20:21] [main/INFO]: Initializing Silk
[13:20:21] [main/INFO]: Veinminer Version: 2.5.2 (fabric)
[13:20:21] [main/INFO]: Environment: Environment[sessionHost=https://sessionserver.mojang.com, servicesHost=https://api.minecraftservices.com, profilesHost=https://api.mojang.com, name=PROD]
[13:20:22] [DefaultDispatcher-worker-2/INFO]: [STDOUT]: [VeinminerUpdater] veinminer is up to date
[13:20:24] [main/INFO]: Loaded 1470 recipes
[13:20:24] [main/INFO]: Loaded 1584 advancements
[13:20:24] [main/INFO]: Applied 0 biome modifications to 0 of 65 new biomes in 1.635 ms
[13:20:24] [Server thread/INFO]: Initialized mcCoroutineScope (MinecraftServer as executor)
[13:20:24] [Server thread/INFO]: Starting minecraft server version 1.21.11
[13:20:24] [Server thread/INFO]: Loading properties
[13:20:24] [Server thread/INFO]: Default game type: SURVIVAL
[13:20:24] [Server thread/INFO]: Generating keypair
[13:20:24] [Server thread/INFO]: Starting Minecraft server on *:25565
[13:20:24] [Server thread/INFO]: [STDOUT]: Starting raknetify server on /172.19.0.1
[13:20:24] [Server thread/INFO]: [STDOUT]: Starting raknetify server on /172.18.0.1
[13:20:24] [Server thread/INFO]: [STDOUT]: Starting raknetify server on /172.17.0.1
[13:20:24] [Server thread/INFO]: [STDOUT]: Starting raknetify server on /192.168.56.1
[13:20:24] [Server thread/INFO]: [STDOUT]: Starting raknetify server on /fe80:0:0:0:d2b5:d4ef:3e58:6fd4%enp2s0
[13:20:24] [Server thread/INFO]: [STDOUT]: Starting raknetify server on /2400:adc7:4112:ec00:44ad:7f67:fae4:7cee%enp2s0
[13:20:24] [Server thread/INFO]: [STDOUT]: Starting raknetify server on /2400:adc7:4112:ec00:c372:310b:9d16:6c2%enp2s0
[13:20:24] [Server thread/INFO]: [STDOUT]: Starting raknetify server on /192.168.1.8
[13:20:24] [Server thread/INFO]: [STDOUT]: Starting raknetify server on /0:0:0:0:0:0:0:1%lo
[13:20:24] [Server thread/INFO]: [STDOUT]: Starting raknetify server on /127.0.0.1
[13:20:24] [Server thread/WARN]: **** SERVER IS RUNNING IN OFFLINE/INSECURE MODE!
[13:20:24] [Server thread/WARN]: The server will make no attempt to authenticate usernames. Beware.
[13:20:24] [Server thread/WARN]: While this makes the game possible to play without internet access, it also opens up the ability for hackers to connect with any username they choose.
[13:20:24] [Server thread/WARN]: To change this, set "online-mode" to "true" in the server.properties file.
[13:20:24] [Server thread/INFO]: Preparing level "world"
[13:20:25] [Server thread/INFO]: Loading 0 persistent chunks...
[13:20:25] [Server thread/INFO]: Preparing spawn area: 100%
[13:20:25] [Server thread/INFO]: Time elapsed: 102 ms
[13:20:25] [Server thread/INFO]: Done (0.561s)! For help, type "help"
[13:21:25] [Server thread/INFO]: Server empty for 60 seconds, pausing
[14:23:15] [Netty Epoll IO #1/WARN]: @Redirect conflict. Skipping raknetify-fabric.mixins.json:server.MixinServerLoginNetworkHandler from mod raknetify->@Redirect::stopCompressionIfStreamingCompressionExists(Lnet/minecraft/server/MinecraftServer;)I with priority 900, already redirected by fabric-networking-api-v1.mixins.json:ServerLoginPacketListenerImplMixin from mod fabric-networking-api-v1->@Redirect::removeLateCompressionPacketSending(Lnet/minecraft/server/MinecraftServer;)I with priority 1000
[14:23:21] [Server thread/INFO]: lookanotherone[/192.168.1.7:60718] logged in with entity id 57 at (16.078101567449316, 63.0, 3.3584823212917483)
[14:23:21] [Server thread/INFO]: lookanotherone joined the game
[14:23:32] [Server thread/INFO]: lookanotherone was slain by Zombie
[14:32:06] [Server thread/INFO]: lookanotherone was slain by Zombie
[14:45:11] [Server thread/INFO]: lookanotherone lost connection: Disconnected
[14:45:11] [Server thread/INFO]: lookanotherone left the game
[14:46:11] [Server thread/INFO]: Server empty for 60 seconds, pausing
[15:11:11] [Server thread/INFO]: Unknown or incomplete command. See below for error
[15:11:11] [Server thread/INFO]: [C[20~[20~[23~[21~[24~[21~[21~[21~[21~[21~[21~[21~[21~[21~[21~[21~[21~[21~[21~[21~[21~[21~[21~[21~[21~[21~[21~[21~[21~[21~[21~[21~[21~[21~[21~[21~[21~[21~[21~[21~[21~[21~[21~[21~[21~[21~[21~[21~[21~[21~[21~[21~[21~[21~[21~[21~[21~[21~[21~[21~[21~[21~[21~[21~[21~[21~[21~[21~[21~[21~[21~[21~[21~[21~[21~[21~[21~[21~[21~[21~[21~[21~[21~[21~[21~[21~[21~[21~[21~[21~[21~[21~[21~[21~[21~[21~[21~[21~[21~[21~[21[D[23~ [D[20~  <--[HERE]
[15:11:11] [Server thread/INFO]: Unknown or incomplete command. See below for error
[15:11:11] [Server thread/INFO]: <--[HERE]
[15:11:12] [Server thread/INFO]: Unknown or incomplete command. See below for error
[15:11:12] [Server thread/INFO]: <--[HERE]
